<?xml version="1.0" encoding="UTF-8" ?>
<beans xmlns="http://www.springframework.org/schema/beans"
       xmlns:xsi="http://www.w3.org/2001/XMLSchema-instance"
       xsi:schemaLocation="http://www.springframework.org/schema/beans http://www.springframework.org/schema/beans/spring-beans-3.0.xsd">

	<import resource="classpath:lessons-dao.xml" />

	<bean id="entityManagerFactory" class="org.springframework.orm.jpa.LocalEntityManagerFactoryBean">
		<property name="jpaProperties">
			<props>
				<prop key="javax.persistence.validation.mode">none</prop>
				<prop key="hibernate.connection.driver_class">org.apache.derby.jdbc.EmbeddedDriver</prop>
				<prop key="hibernate.connection.url">jdbc:derby:memory:lessons;create=true</prop>
				<prop key="hibernate.dialect">org.hibernate.dialect.DerbyDialect</prop>
				<prop key="hibernate.hbm2ddl.auto">create-drop</prop>
			</props>
		</property>
	</bean>

</beans>
